<?xml version="1.0" encoding="UTF-8"?>
<!-- Generated by org.testng.reporters.JUnitReportReporter -->
<testsuite hostname="Mahi" failures="0" tests="2" name="tests.CreateAnAccount" time="24.480" errors="0" timestamp="2023-07-03T11:34:22 IST" skipped="0">
  <testcase classname="tests.CreateAnAccount" name="createAccounterrorMessageValidation" time="9.549"/>
  <system-out/>
  <testcase classname="tests.CreateAnAccount" name="createAccountTest" time="14.931"/>
  <system-out/>
</testsuite> <!-- tests.CreateAnAccount -->
