<?xml version="1.0" encoding="UTF-8"?>
<!-- Generated by org.testng.reporters.JUnitReportReporter -->
<testsuite hostname="Mahi" failures="0" tests="1" name="tests.submitOrderTests" time="64.250" errors="0" timestamp="2023-07-04T13:40:00 IST" skipped="0">
  <testcase classname="tests.submitOrderTests" name="submitOrder" time="64.250"/>
  <system-out/>
</testsuite> <!-- tests.submitOrderTests -->
