<?xml version="1.0" encoding="UTF-8"?>
<!-- Generated by org.testng.reporters.JUnitReportReporter -->
<testsuite hostname="Mahi" failures="0" tests="1" name="tests.SigningIn" time="21.089" errors="0" timestamp="2023-07-03T11:34:22 IST" skipped="0">
  <testcase classname="tests.SigningIn" name="signIn" time="21.089"/>
  <system-out/>
</testsuite> <!-- tests.SigningIn -->
