<?xml version="1.0" encoding="UTF-8"?>
<!-- Generated by org.testng.reporters.JUnitReportReporter -->
<testsuite hostname="Mahi" failures="0" tests="3" name="rahulshettyacademy.tests.submitOrderTest" time="42.496" errors="0" timestamp="2023-05-30T10:44:54 IST" skipped="0">
  <testcase classname="rahulshettyacademy.tests.submitOrderTest" name="OrderHistoryTest" time="13.086"/>
  <system-out/>
  <testcase classname="rahulshettyacademy.tests.submitOrderTest" name="submitOrder" time="15.226"/>
  <system-out/>
  <testcase classname="rahulshettyacademy.tests.submitOrderTest" name="submitOrder" time="14.184"/>
  <system-out/>
</testsuite> <!-- rahulshettyacademy.tests.submitOrderTest -->
