<?xml version="1.0" encoding="UTF-8"?>
<!-- Generated by org.testng.reporters.JUnitReportReporter -->
<testsuite hostname="Mahi" failures="0" tests="1" name="tests.submitOrderTests" time="62.647" errors="0" timestamp="2023-07-03T11:34:22 IST" skipped="0">
  <testcase classname="tests.submitOrderTests" name="submitOrder" time="62.647"/>
  <system-out/>
</testsuite> <!-- tests.submitOrderTests -->
