<?xml version="1.0" encoding="UTF-8"?>
<!-- Generated by org.testng.reporters.JUnitReportReporter -->
<testsuite hostname="Mahi" failures="0" tests="3" name="rahulshettyacademy.tests.submitOrderTest" time="18.662" errors="0" timestamp="2023-05-30T22:40:07 IST" skipped="0">
  <testcase classname="rahulshettyacademy.tests.submitOrderTest" name="submitOrder" time="10.013"/>
  <system-out/>
  <testcase classname="rahulshettyacademy.tests.submitOrderTest" name="OrderHistoryTest" time="2.216"/>
  <system-out/>
  <testcase classname="rahulshettyacademy.tests.submitOrderTest" name="submitOrder" time="6.433"/>
  <system-out/>
</testsuite> <!-- rahulshettyacademy.tests.submitOrderTest -->
